# JRE version: OpenJDK Runtime Environment (8.0_265-b01) (build 1.8.0_265-b01)
# Java VM: OpenJDK 64-Bit Server VM (25.265-b01 mixed mode windows-amd64 compressed oops)
Heap:
 PSYoungGen      total 66048K, used 24123K [0x00000000eb580000, 0x00000000f5380000, 0x0000000100000000)
  eden space 63488K, 37% used [0x00000000eb580000,0x00000000ecd0ec28,0x00000000ef380000)
  from space 2560K, 0% used [0x00000000ef380000,0x00000000ef380000,0x00000000ef600000)
  to   space 17408K, 0% used [0x00000000f4280000,0x00000000f4280000,0x00000000f5380000)
 ParOldGen       total 67584K, used 27564K [0x00000000c2000000, 0x00000000c6200000, 0x00000000eb580000)
  object space 67584K, 40% used [0x00000000c2000000,0x00000000c3aeb048,0x00000000c6200000)
 Metaspace       used 21137K, capacity 21386K, committed 21504K, reserved 1069056K
  class space    used 2671K, capacity 2747K, committed 2816K, reserved 1048576K
GC Heap History (10 events):
Event: 0.532 GC heap before
{Heap before GC invocations=2 (full 0):
 PSYoungGen      total 18432K, used 18428K [0x00000000eb580000, 0x00000000ed980000, 0x0000000100000000)
  eden space 15872K, 100% used [0x00000000eb580000,0x00000000ec500000,0x00000000ec500000)
  from space 2560K, 99% used [0x00000000ec500000,0x00000000ec77f0c8,0x00000000ec780000)
  to   space 2560K, 0% used [0x00000000ed700000,0x00000000ed700000,0x00000000ed980000)
 ParOldGen       total 42496K, used 628K [0x00000000c2000000, 0x00000000c4980000, 0x00000000eb580000)
  object space 42496K, 1% used [0x00000000c2000000,0x00000000c209d2c8,0x00000000c4980000)
 Metaspace       used 5663K, capacity 5750K, committed 5888K, reserved 1056768K
  class space    used 617K, capacity 659K, committed 768K, reserved 1048576K
Event: 0.538 GC heap after
Heap after GC invocations=2 (full 0):
 PSYoungGen      total 34304K, used 2547K [0x00000000eb580000, 0x00000000ed980000, 0x0000000100000000)
  eden space 31744K, 0% used [0x00000000eb580000,0x00000000eb580000,0x00000000ed480000)
  from space 2560K, 99% used [0x00000000ed700000,0x00000000ed97cd00,0x00000000ed980000)
  to   space 2560K, 0% used [0x00000000ed480000,0x00000000ed480000,0x00000000ed700000)
 ParOldGen       total 42496K, used 3099K [0x00000000c2000000, 0x00000000c4980000, 0x00000000eb580000)
  object space 42496K, 7% used [0x00000000c2000000,0x00000000c2306e38,0x00000000c4980000)
 Metaspace       used 5663K, capacity 5750K, committed 5888K, reserved 1056768K
  class space    used 617K, capacity 659K, committed 768K, reserved 1048576K
}
Event: 0.862 GC heap before
{Heap before GC invocations=3 (full 0):
 PSYoungGen      total 34304K, used 34291K [0x00000000eb580000, 0x00000000ed980000, 0x0000000100000000)
  eden space 31744K, 100% used [0x00000000eb580000,0x00000000ed480000,0x00000000ed480000)
  from space 2560K, 99% used [0x00000000ed700000,0x00000000ed97cd00,0x00000000ed980000)
  to   space 2560K, 0% used [0x00000000ed480000,0x00000000ed480000,0x00000000ed700000)
 ParOldGen       total 42496K, used 3099K [0x00000000c2000000, 0x00000000c4980000, 0x00000000eb580000)
  object space 42496K, 7% used [0x00000000c2000000,0x00000000c2306e38,0x00000000c4980000)
 Metaspace       used 8467K, capacity 8540K, committed 8832K, reserved 1056768K
  class space    used 1018K, capacity 1076K, committed 1152K, reserved 1048576K
Event: 0.870 GC heap after
Heap after GC invocations=3 (full 0):
 PSYoungGen      total 34304K, used 2529K [0x00000000eb580000, 0x00000000ef880000, 0x0000000100000000)
  eden space 31744K, 0% used [0x00000000eb580000,0x00000000eb580000,0x00000000ed480000)
  from space 2560K, 98% used [0x00000000ed480000,0x00000000ed6f8688,0x00000000ed700000)
  to   space 2560K, 0% used [0x00000000ef600000,0x00000000ef600000,0x00000000ef880000)
 ParOldGen       total 42496K, used 12655K [0x00000000c2000000, 0x00000000c4980000, 0x00000000eb580000)
  object space 42496K, 29% used [0x00000000c2000000,0x00000000c2c5be08,0x00000000c4980000)
 Metaspace       used 8467K, capacity 8540K, committed 8832K, reserved 1056768K
  class space    used 1018K, capacity 1076K, committed 1152K, reserved 1048576K
}
Event: 1.218 GC heap before
{Heap before GC invocations=4 (full 0):
 PSYoungGen      total 34304K, used 34273K [0x00000000eb580000, 0x00000000ef880000, 0x0000000100000000)
  eden space 31744K, 100% used [0x00000000eb580000,0x00000000ed480000,0x00000000ed480000)
  from space 2560K, 98% used [0x00000000ed480000,0x00000000ed6f8688,0x00000000ed700000)
  to   space 2560K, 0% used [0x00000000ef600000,0x00000000ef600000,0x00000000ef880000)
 ParOldGen       total 42496K, used 12655K [0x00000000c2000000, 0x00000000c4980000, 0x00000000eb580000)
  object space 42496K, 29% used [0x00000000c2000000,0x00000000c2c5be08,0x00000000c4980000)
 Metaspace       used 11939K, capacity 12072K, committed 12288K, reserved 1060864K
  class space    used 1497K, capacity 1526K, committed 1536K, reserved 1048576K
Event: 1.227 GC heap after
Heap after GC invocations=4 (full 0):
 PSYoungGen      total 66048K, used 2544K [0x00000000eb580000, 0x00000000ef880000, 0x0000000100000000)
  eden space 63488K, 0% used [0x00000000eb580000,0x00000000eb580000,0x00000000ef380000)
  from space 2560K, 99% used [0x00000000ef600000,0x00000000ef87c010,0x00000000ef880000)
  to   space 2560K, 0% used [0x00000000ef380000,0x00000000ef380000,0x00000000ef600000)
 ParOldGen       total 42496K, used 20521K [0x00000000c2000000, 0x00000000c4980000, 0x00000000eb580000)
  object space 42496K, 48% used [0x00000000c2000000,0x00000000c340a5d0,0x00000000c4980000)
 Metaspace       used 11939K, capacity 12072K, committed 12288K, reserved 1060864K
  class space    used 1497K, capacity 1526K, committed 1536K, reserved 1048576K
}
Event: 2.497 GC heap before
{Heap before GC invocations=5 (full 0):
 PSYoungGen      total 66048K, used 66032K [0x00000000eb580000, 0x00000000ef880000, 0x0000000100000000)
  eden space 63488K, 100% used [0x00000000eb580000,0x00000000ef380000,0x00000000ef380000)
  from space 2560K, 99% used [0x00000000ef600000,0x00000000ef87c010,0x00000000ef880000)
  to   space 2560K, 0% used [0x00000000ef380000,0x00000000ef380000,0x00000000ef600000)
 ParOldGen       total 42496K, used 20521K [0x00000000c2000000, 0x00000000c4980000, 0x00000000eb580000)
  object space 42496K, 48% used [0x00000000c2000000,0x00000000c340a5d0,0x00000000c4980000)
 Metaspace       used 19665K, capacity 19922K, committed 20096K, reserved 1067008K
  class space    used 2510K, capacity 2583K, committed 2688K, reserved 1048576K
Event: 2.515 GC heap after
Heap after GC invocations=5 (full 0):
 PSYoungGen      total 66048K, used 2528K [0x00000000eb580000, 0x00000000f5380000, 0x0000000100000000)
  eden space 63488K, 0% used [0x00000000eb580000,0x00000000eb580000,0x00000000ef380000)
  from space 2560K, 98% used [0x00000000ef380000,0x00000000ef5f8040,0x00000000ef600000)
  to   space 17408K, 0% used [0x00000000f4280000,0x00000000f4280000,0x00000000f5380000)
 ParOldGen       total 42496K, used 31804K [0x00000000c2000000, 0x00000000c4980000, 0x00000000eb580000)
  object space 42496K, 74% used [0x00000000c2000000,0x00000000c3f0f3d8,0x00000000c4980000)
 Metaspace       used 19665K, capacity 19922K, committed 20096K, reserved 1067008K
  class space    used 2510K, capacity 2583K, committed 2688K, reserved 1048576K
}
Event: 2.515 GC heap before
{Heap before GC invocations=6 (full 1):
 PSYoungGen      total 66048K, used 2528K [0x00000000eb580000, 0x00000000f5380000, 0x0000000100000000)
  eden space 63488K, 0% used [0x00000000eb580000,0x00000000eb580000,0x00000000ef380000)
  from space 2560K, 98% used [0x00000000ef380000,0x00000000ef5f8040,0x00000000ef600000)
  to   space 17408K, 0% used [0x00000000f4280000,0x00000000f4280000,0x00000000f5380000)
 ParOldGen       total 42496K, used 31804K [0x00000000c2000000, 0x00000000c4980000, 0x00000000eb580000)
  object space 42496K, 74% used [0x00000000c2000000,0x00000000c3f0f3d8,0x00000000c4980000)
 Metaspace       used 19665K, capacity 19922K, committed 20096K, reserved 1067008K
  class space    used 2510K, capacity 2583K, committed 2688K, reserved 1048576K
Event: 2.581 GC heap after
Heap after GC invocations=6 (full 1):
 PSYoungGen      total 66048K, used 0K [0x00000000eb580000, 0x00000000f5380000, 0x0000000100000000)
  eden space 63488K, 0% used [0x00000000eb580000,0x00000000eb580000,0x00000000ef380000)
  from space 2560K, 0% used [0x00000000ef380000,0x00000000ef380000,0x00000000ef600000)
  to   space 17408K, 0% used [0x00000000f4280000,0x00000000f4280000,0x00000000f5380000)
 ParOldGen       total 67584K, used 27564K [0x00000000c2000000, 0x00000000c6200000, 0x00000000eb580000)
  object space 67584K, 40% used [0x00000000c2000000,0x00000000c3aeb048,0x00000000c6200000)
 Metaspace       used 19665K, capacity 19922K, committed 20096K, reserved 1067008K
  class space    used 2510K, capacity 2583K, committed 2688K, reserved 1048576K
}

